This is pdfTeX, Version 3.1415926-1.40.10 (TeX Live 2009/Debian) (format=latex 2012.7.21)  10 DEC 2012 14:42
entering extended mode
 file:line:error style messages enabled.
 %&-line parsing enabled.
**results_AT.tex
(./results_AT.tex
LaTeX2e <2009/09/24>
Babel <v3.8l> and hyphenation patterns for english, usenglishmax, dumylang, noh
yphenation, farsi, arabic, croatian, bulgarian, ukrainian, russian, czech, slov
ak, danish, dutch, finnish, french, basque, ngerman, german, german-x-2009-06-1
9, ngerman-x-2009-06-19, ibycus, monogreek, greek, ancientgreek, hungarian, san
skrit, italian, latin, latvian, lithuanian, mongolian2a, mongolian, bokmal, nyn
orsk, romanian, irish, coptic, serbian, turkish, welsh, esperanto, uppersorbian
, estonian, indonesian, interlingua, icelandic, kurmanji, slovenian, polish, po
rtuguese, spanish, galician, catalan, swedish, ukenglish, pinyin, loaded.
./results_AT.tex:1: Undefined control sequence.
l.1 \subsection
               {Verificación del modelo AT}
? 
./results_AT.tex:1: Emergency stop.
l.1 \subsection
               {Verificación del modelo AT}
End of file on the terminal!

 
Here is how much of TeX's memory you used:
 5 strings out of 493849
 145 string characters out of 1152846
 47808 words of memory out of 3000000
 3381 multiletter control sequences out of 15000+50000
 3640 words of font info for 14 fonts, out of 3000000 for 9000
 714 hyphenation exceptions out of 8191
 5i,0n,1p,57b,8s stack positions out of 5000i,500n,10000p,200000b,50000s
No pages of output.
